Arguments: 
  /usr/bin/node /usr/share/yarn/bin/yarn.js init

PATH: 
  /home/ubiratan/.zinit/polaris/bin:/home/ubiratan/.local/bin:/usr/local/sbin:/usr/local/bin:/usr/sbin:/usr/bin:/sbin:/bin:/usr/games:/usr/local/games:/snap/bin:/usr/local/go/bin:/usr/lib/jvm/java-17-oracle/bin:/usr/lib/jvm/java-17-oracle/db/bin:/usr/local/go/bin:/usr/local/go/bin:/home/ubiratan/go/bin:/home/ubiratan/Android/Sdk/emulator:/home/ubiratan/Android/Sdk/tools:/home/ubiratan/Android/Sdk/tools/bin:/home/ubiratan/Android/Sdk/platform-tools:/usr/local/go/bin:/home/ubiratan/go/bin:/home/ubiratan/Android/Sdk/emulator:/home/ubiratan/Android/Sdk/tools:/home/ubiratan/Android/Sdk/tools/bin:/home/ubiratan/Android/Sdk/platform-tools:/usr/local/go/bin

Yarn version: 
  1.22.17

Node version: 
  14.19.0

Platform: 
  linux x64

Trace: 
  Error: canceled
      at Interface.<anonymous> (/usr/share/yarn/lib/cli.js:137143:13)
      at Interface.emit (events.js:400:28)
      at Interface._ttyWrite (readline.js:1001:16)
      at ReadStream.onkeypress (readline.js:265:10)
      at ReadStream.emit (events.js:400:28)
      at emitKeys (internal/readline/utils.js:358:14)
      at emitKeys.next (<anonymous>)
      at ReadStream.onData (readline.js:1270:36)
      at ReadStream.emit (events.js:400:28)
      at addChunk (internal/streams/readable.js:293:12)

npm manifest: 
  No manifest

yarn manifest: 
  No manifest

Lockfile: 
  No lockfile
